<?xml version="1.0" encoding="UTF-8"?>
<!-- Generated by org.testng.reporters.JUnitReportReporter -->
<testsuite hostname="Nothing" failures="0" tests="2" name="SandysinsAcademy.ErrorValidations" time="26.688" errors="0" timestamp="2025-02-27T17:35:43 IST" skipped="0">
  <testcase classname="SandysinsAcademy.ErrorValidations" name="ProductErrorValidation" time="19.422"/>
  <testcase classname="SandysinsAcademy.ErrorValidations" name="LoginErrorValidation" time="7.266"/>
</testsuite> <!-- SandysinsAcademy.ErrorValidations -->
