<?xml version="1.0" encoding="UTF-8"?>
<!-- Generated by org.testng.reporters.JUnitReportReporter -->
<testsuite hostname="Nothing" failures="0" tests="2" name="cucumber.TestNGTestRunner" time="30.699" errors="0" timestamp="2025-02-27T20:12:35 IST" skipped="0">
  <testcase classname="cucumber.TestNGTestRunner" name="runScenario" time="9.299"/>
  <testcase classname="cucumber.TestNGTestRunner" name="runScenario" time="21.400"/>
</testsuite> <!-- cucumber.TestNGTestRunner -->
