<?xml version="1.0" encoding="UTF-8"?>
<!-- Generated by org.testng.reporters.JUnitReportReporter -->
<testsuite hostname="Nothing" failures="0" tests="2" name="SandysinsAcademy.submitOrderTest" time="43.033" errors="0" timestamp="2025-02-27T16:56:57 IST" skipped="0">
  <testcase classname="SandysinsAcademy.submitOrderTest" name="submitOrder" time="21.981"/>
  <testcase classname="SandysinsAcademy.submitOrderTest" name="submitOrder" time="21.052"/>
</testsuite> <!-- SandysinsAcademy.submitOrderTest -->
