<?xml version="1.0" encoding="UTF-8"?>
<!-- Generated by org.testng.reporters.JUnitReportReporter -->
<testsuite hostname="Nothing" failures="0" tests="2" name="SandysinsAcademy.ErrorValidations" time="33.151" errors="0" timestamp="2025-02-27T16:52:33 IST" skipped="0">
  <testcase classname="SandysinsAcademy.ErrorValidations" name="ProductErrorValidation" time="22.288"/>
  <testcase classname="SandysinsAcademy.ErrorValidations" name="LoginErrorValidation" time="10.863"/>
</testsuite> <!-- SandysinsAcademy.ErrorValidations -->
