<?xml version="1.0" encoding="UTF-8"?>
<!-- Generated by org.testng.reporters.JUnitReportReporter -->
<testsuite hostname="Nothing" failures="0" tests="1" name="cucumber.TestNGTestRunner" time="22.490" errors="0" timestamp="2025-02-27T20:42:53 IST" skipped="0">
  <testcase classname="cucumber.TestNGTestRunner" name="runScenario" time="22.490"/>
</testsuite> <!-- cucumber.TestNGTestRunner -->
